{"numTotalTestSuites":4,"numPassedTestSuites":4,"numFailedTestSuites":0,"numPendingTestSuites":0,"numTotalTests":6,"numPassedTests":6,"numFailedTests":0,"numPendingTests":0,"numTodoTests":0,"startTime":1704244061486,"success":true,"testResults":[{"assertionResults":[{"ancestorTitles":[""],"fullName":" 합","status":"passed","title":"합","duration":1,"failureMessages":[]},{"ancestorTitles":[""],"fullName":" 뺄셈","status":"skipped","title":"뺄셈","failureMessages":[]},{"ancestorTitles":[""],"fullName":" mocking","status":"passed","title":"mocking","duration":0,"failureMessages":[]}],"startTime":1704244061656,"endTime":1704244061657,"status":"passed","message":"","name":"C:/Users/rebch86/WebstormProjects/vitest-example/src/tests/sum.test.js"},{"assertionResults":[{"ancestorTitles":[""],"fullName":" 간단한 출력","status":"passed","title":"간단한 출력","duration":0,"failureMessages":[]}],"startTime":1704244061656,"endTime":1704244061656,"status":"passed","message":"","name":"C:/Users/rebch86/WebstormProjects/vitest-example/src/tests/work1/work1.test.js"},{"assertionResults":[{"ancestorTitles":["","jsdom tests"],"fullName":" jsdom tests jsdom test-1","status":"passed","title":"jsdom test-1","duration":1,"failureMessages":[]},{"ancestorTitles":["","jsdom tests"],"fullName":" jsdom tests jsdom test-2","status":"passed","title":"jsdom test-2","duration":0,"failureMessages":[]}],"startTime":1704244061909,"endTime":1704244061910,"status":"passed","message":"","name":"C:/Users/rebch86/WebstormProjects/vitest-example/src/tests/work2/work2.test.js"}]}